<?xml version="1.0" encoding="UTF-8"?>
<!-- Generated by org.testng.reporters.JUnitXMLReporter -->
<testsuite ignored="0" hostname="Arun" failures="0" tests="4" name="Default test" time="65.112" errors="0" timestamp="2023-03-06T09:04:30 IST">
  <testcase classname="TestScript.HomePage" name="cookies" time="11.5"/>
  <testcase classname="TestScript.HomePage" name="Header" time="21.0"/>
  <testcase classname="TestScript.HomePage" name="navOptions" time="0.279"/>
  <testcase classname="TestScript.HomePage" name="carousel" time="32.242"/>
</testsuite> <!-- Default test -->
