<?xml version="1.0" encoding="UTF-8"?>
<!-- Generated by org.testng.reporters.JUnitXMLReporter -->
<testsuite ignored="0" hostname="Arun" failures="1" tests="4" name="Test" time="83.728" errors="0" timestamp="2023-03-08T08:19:17 IST">
  <testcase classname="TestScript.HomePage" name="cookies" time="30.92">
    <failure type="java.lang.AssertionError" message="expected [SPARTOO| Shoes, bags and clothes | Free Delivery] but found [SPARTOO | Shoes, bags and clothes | Free delivery]">
      <![CDATA[java.lang.AssertionError: expected [SPARTOO| Shoes, bags and clothes | Free Delivery] but found [SPARTOO | Shoes, bags and clothes | Free delivery]
at TestScript.HomePage.cookies(HomePage.java:43)
at java.base/java.util.ArrayList.forEach(ArrayList.java:1511)
... Removed 37 stack frames]]>
    </failure>
  </testcase> <!-- cookies -->
  <testcase classname="TestScript.HomePage" name="Header" time="20.698"/>
  <testcase classname="TestScript.HomePage" name="navOptions" time="0.204"/>
  <testcase classname="TestScript.HomePage" name="carousel" time="31.852"/>
</testsuite> <!-- Test -->
