<?xml version="1.0" encoding="UTF-8"?>
<testng-results ignored="0" total="4" passed="4" failed="0" skipped="0">
  <reporter-output>
  </reporter-output>
  <suite started-at="2023-03-06T09:03:25 IST" name="Default suite" finished-at="2023-03-06T09:04:30 IST" duration-ms="65112">
    <groups>
    </groups>
    <test started-at="2023-03-06T09:03:25 IST" name="Default test" finished-at="2023-03-06T09:04:30 IST" duration-ms="65112">
      <class name="TestScript.HomePage">
        <test-method signature="cookies()[pri:0, instance:TestScript.HomePage@117e0fe5]" started-at="2023-03-06T09:03:25 IST" name="cookies" finished-at="2023-03-06T09:03:37 IST" duration-ms="11500" status="PASS">
          <reporter-output>
          </reporter-output>
        </test-method> <!-- cookies -->
        <test-method signature="Header()[pri:1, instance:TestScript.HomePage@117e0fe5]" started-at="2023-03-06T09:03:37 IST" name="Header" finished-at="2023-03-06T09:03:58 IST" duration-ms="21000" status="PASS">
          <reporter-output>
          </reporter-output>
        </test-method> <!-- Header -->
        <test-method signature="navOptions()[pri:2, instance:TestScript.HomePage@117e0fe5]" started-at="2023-03-06T09:03:58 IST" name="navOptions" finished-at="2023-03-06T09:03:58 IST" duration-ms="279" status="PASS">
          <reporter-output>
          </reporter-output>
        </test-method> <!-- navOptions -->
        <test-method signature="carousel()[pri:3, instance:TestScript.HomePage@117e0fe5]" started-at="2023-03-06T09:03:58 IST" name="carousel" finished-at="2023-03-06T09:04:30 IST" duration-ms="32242" status="PASS">
          <reporter-output>
          </reporter-output>
        </test-method> <!-- carousel -->
      </class> <!-- TestScript.HomePage -->
    </test> <!-- Default test -->
  </suite> <!-- Default suite -->
</testng-results>
